<?xml version="1.0" encoding="UTF-8"?>
<testng-results ignored="0" total="1" passed="1" failed="0" skipped="0">
  <reporter-output>
  </reporter-output>
  <suite started-at="2024-01-15T13:06:30 IST" name="Surefire suite" finished-at="2024-01-15T13:06:49 IST" duration-ms="18712">
    <groups>
      <group name="cucumber">
        <method signature="AbstractTestNGCucumberTests.runScenario(io.cucumber.testng.PickleWrapper,io.cucumber.testng.FeatureWrapper)[pri:0, instance:TestNGRunner.TestNGTestRuner@51e5fc98]" name="runScenario" class="io.cucumber.testng.AbstractTestNGCucumberTests"/>
      </group> <!-- cucumber -->
    </groups>
    <test started-at="2024-01-15T13:06:30 IST" name="Surefire test" finished-at="2024-01-15T13:06:49 IST" duration-ms="18712">
      <class name="TestNGRunner.TestNGTestRuner">
        <test-method is-config="true" signature="setUpClass(org.testng.ITestContext)[pri:0, instance:TestNGRunner.TestNGTestRuner@51e5fc98]" started-at="2024-01-15T13:06:30 IST" name="setUpClass" finished-at="2024-01-15T13:06:32 IST" duration-ms="1216" status="PASS">
          <params>
            <param index="0">
              <value>
                <![CDATA[org.testng.TestRunner@56681eaf]]>
              </value>
            </param>
          </params>
          <reporter-output>
          </reporter-output>
        </test-method> <!-- setUpClass -->
        <test-method signature="runScenario(io.cucumber.testng.PickleWrapper,io.cucumber.testng.FeatureWrapper)[pri:0, instance:TestNGRunner.TestNGTestRuner@51e5fc98]" started-at="2024-01-15T13:06:32 IST" name="runScenario" description="Runs Cucumber Scenarios" data-provider="scenarios" finished-at="2024-01-15T13:06:49 IST" duration-ms="17355" status="PASS">
          <params>
            <param index="0">
              <value>
                <![CDATA["Login into the Orange HRM site as a valid user"]]>
              </value>
            </param>
            <param index="1">
              <value>
                <![CDATA["Orange HRM Login Test"]]>
              </value>
            </param>
          </params>
          <reporter-output>
          </reporter-output>
        </test-method> <!-- runScenario -->
        <test-method is-config="true" signature="tearDownClass()[pri:0, instance:TestNGRunner.TestNGTestRuner@51e5fc98]" started-at="2024-01-15T13:06:49 IST" name="tearDownClass" finished-at="2024-01-15T13:06:49 IST" duration-ms="6" status="PASS">
          <reporter-output>
          </reporter-output>
        </test-method> <!-- tearDownClass -->
      </class> <!-- TestNGRunner.TestNGTestRuner -->
    </test> <!-- Surefire test -->
  </suite> <!-- Surefire suite -->
</testng-results>
