<?xml version="1.0" encoding="UTF-8"?>
<testng-results ignored="1" total="2" passed="1" failed="0" skipped="0">
  <reporter-output>
  </reporter-output>
  <suite started-at="2024-01-15T18:15:14 IST" name="Default suite" finished-at="2024-01-15T18:15:32 IST" duration-ms="17647">
    <groups>
    </groups>
    <test started-at="2024-01-15T18:15:14 IST" name="Default test" finished-at="2024-01-15T18:15:32 IST" duration-ms="17647">
      <class name="Demo.DatePickers">
        <test-method signature="handleCalender2()[pri:0, instance:Demo.DatePickers@50eac852]" started-at="2024-01-15T18:15:14 IST" name="handleCalender2" finished-at="2024-01-15T18:15:31 IST" duration-ms="17565" status="PASS">
          <reporter-output>
          </reporter-output>
        </test-method> <!-- handleCalender2 -->
      </class> <!-- Demo.DatePickers -->
    </test> <!-- Default test -->
  </suite> <!-- Default suite -->
</testng-results>
